C:\USERS\XIAOBAOZI\DESKTOP\PROJET-PUISSANCE 4！\DEBUG\PUISSANCE 4！.EXE
C:\USERS\XIAOBAOZI\DESKTOP\PROJET-PUISSANCE 4！\DEBUG\PUISSANCE 4！.ILK
C:\USERS\XIAOBAOZI\DESKTOP\PROJET-PUISSANCE 4！\DEBUG\PUISSANCE 4！.PDB
C:\USERS\XIAOBAOZI\DESKTOP\PROJET-PUISSANCE 4！\PUISSANCE 4！\DEBUG\CONSOLE.OBJ
C:\USERS\XIAOBAOZI\DESKTOP\PROJET-PUISSANCE 4！\PUISSANCE 4！\DEBUG\JEU.OBJ
C:\USERS\XIAOBAOZI\DESKTOP\PROJET-PUISSANCE 4！\PUISSANCE 4！\DEBUG\MAIN.OBJ
C:\USERS\XIAOBAOZI\DESKTOP\PROJET-PUISSANCE 4！\PUISSANCE 4！\DEBUG\PUISSANCE 4！.EXE.EMBED.MANIFEST.RES
C:\USERS\XIAOBAOZI\DESKTOP\PROJET-PUISSANCE 4！\PUISSANCE 4！\DEBUG\PUISSANCE 4！.EXE.INTERMEDIATE.MANIFEST
C:\USERS\XIAOBAOZI\DESKTOP\PROJET-PUISSANCE 4！\PUISSANCE 4！\DEBUG\VC100.PDB
C:\USERS\XIAOBAOZI\DESKTOP\PUISSANCE 4！ - 终极版 - AGAIN - 天哪\DEBUG\PUISSANCE 4！.EXE
C:\USERS\XIAOBAOZI\DESKTOP\PUISSANCE 4！ - 终极版 - AGAIN - 天哪\DEBUG\PUISSANCE 4！.ILK
C:\USERS\XIAOBAOZI\DESKTOP\PUISSANCE 4！ - 终极版 - AGAIN - 天哪\DEBUG\PUISSANCE 4！.PDB
C:\USERS\XIAOBAOZI\DESKTOP\PUISSANCE 4！ - 终极版 - AGAIN - 天哪\PUISSANCE 4！\DEBUG\CONSOLE.OBJ
C:\USERS\XIAOBAOZI\DESKTOP\PUISSANCE 4！ - 终极版 - AGAIN - 天哪\PUISSANCE 4！\DEBUG\JEU.OBJ
C:\USERS\XIAOBAOZI\DESKTOP\PUISSANCE 4！ - 终极版 - AGAIN - 天哪\PUISSANCE 4！\DEBUG\MAIN.OBJ
C:\USERS\XIAOBAOZI\DESKTOP\PUISSANCE 4！ - 终极版 - AGAIN - 天哪\PUISSANCE 4！\DEBUG\PUISSANCE 4！.EXE.EMBED.MANIFEST.RES
C:\USERS\XIAOBAOZI\DESKTOP\PUISSANCE 4！ - 终极版 - AGAIN - 天哪\PUISSANCE 4！\DEBUG\PUISSANCE 4！.EXE.INTERMEDIATE.MANIFEST
C:\USERS\XIAOBAOZI\DESKTOP\PUISSANCE 4！ - 终极版 - AGAIN - 天哪\PUISSANCE 4！\DEBUG\VC100.PDB
C:\USERS\XIAOBAOZI\DESKTOP\PUISSANCE 4！ - 终极版 - AGAIN\DEBUG\PUISSANCE 4！.EXE
C:\USERS\XIAOBAOZI\DESKTOP\PUISSANCE 4！ - 终极版 - AGAIN\DEBUG\PUISSANCE 4！.ILK
C:\USERS\XIAOBAOZI\DESKTOP\PUISSANCE 4！ - 终极版 - AGAIN\DEBUG\PUISSANCE 4！.PDB
C:\USERS\XIAOBAOZI\DESKTOP\PUISSANCE 4！ - 终极版 - AGAIN\PUISSANCE 4！\DEBUG\CONSOLE.OBJ
C:\USERS\XIAOBAOZI\DESKTOP\PUISSANCE 4！ - 终极版 - AGAIN\PUISSANCE 4！\DEBUG\JEU.OBJ
C:\USERS\XIAOBAOZI\DESKTOP\PUISSANCE 4！ - 终极版 - AGAIN\PUISSANCE 4！\DEBUG\MAIN.OBJ
C:\USERS\XIAOBAOZI\DESKTOP\PUISSANCE 4！ - 终极版 - AGAIN\PUISSANCE 4！\DEBUG\PUISSANCE 4！.EXE.EMBED.MANIFEST.RES
C:\USERS\XIAOBAOZI\DESKTOP\PUISSANCE 4！ - 终极版 - AGAIN\PUISSANCE 4！\DEBUG\PUISSANCE 4！.EXE.INTERMEDIATE.MANIFEST
C:\USERS\XIAOBAOZI\DESKTOP\PUISSANCE 4！ - 终极版 - AGAIN\PUISSANCE 4！\DEBUG\VC100.PDB
C:\USERS\XIAOBAOZI\DESKTOP\PUISSANCE 4！ - 终极版  最终\DEBUG\PUISSANCE 4！.EXE
C:\USERS\XIAOBAOZI\DESKTOP\PUISSANCE 4！ - 终极版  最终\DEBUG\PUISSANCE 4！.ILK
C:\USERS\XIAOBAOZI\DESKTOP\PUISSANCE 4！ - 终极版  最终\DEBUG\PUISSANCE 4！.PDB
C:\USERS\XIAOBAOZI\DESKTOP\PUISSANCE 4！ - 终极版  最终\PUISSANCE 4！\DEBUG\CONSOLE.OBJ
C:\USERS\XIAOBAOZI\DESKTOP\PUISSANCE 4！ - 终极版  最终\PUISSANCE 4！\DEBUG\JEU.OBJ
C:\USERS\XIAOBAOZI\DESKTOP\PUISSANCE 4！ - 终极版  最终\PUISSANCE 4！\DEBUG\MAIN.OBJ
C:\USERS\XIAOBAOZI\DESKTOP\PUISSANCE 4！ - 终极版  最终\PUISSANCE 4！\DEBUG\PUISSANCE 4！.EXE.EMBED.MANIFEST.RES
C:\USERS\XIAOBAOZI\DESKTOP\PUISSANCE 4！ - 终极版  最终\PUISSANCE 4！\DEBUG\PUISSANCE 4！.EXE.INTERMEDIATE.MANIFEST
C:\USERS\XIAOBAOZI\DESKTOP\PUISSANCE 4！ - 终极版  最终\PUISSANCE 4！\DEBUG\VC100.PDB
C:\USERS\XIAOBAOZI\DESKTOP\PUISSANCE 4！ - 最新\DEBUG\PUISSANCE 4！.EXE
C:\USERS\XIAOBAOZI\DESKTOP\PUISSANCE 4！ - 最新\DEBUG\PUISSANCE 4！.ILK
C:\USERS\XIAOBAOZI\DESKTOP\PUISSANCE 4！ - 最新\DEBUG\PUISSANCE 4！.PDB
C:\USERS\XIAOBAOZI\DESKTOP\PUISSANCE 4！ - 最新\PUISSANCE 4！\DEBUG\CONSOLE.OBJ
C:\USERS\XIAOBAOZI\DESKTOP\PUISSANCE 4！ - 最新\PUISSANCE 4！\DEBUG\JEU.OBJ
C:\USERS\XIAOBAOZI\DESKTOP\PUISSANCE 4！ - 最新\PUISSANCE 4！\DEBUG\MAIN.OBJ
C:\USERS\XIAOBAOZI\DESKTOP\PUISSANCE 4！ - 最新\PUISSANCE 4！\DEBUG\PUISSANCE 4！.EXE.EMBED.MANIFEST.RES
C:\USERS\XIAOBAOZI\DESKTOP\PUISSANCE 4！ - 最新\PUISSANCE 4！\DEBUG\PUISSANCE 4！.EXE.INTERMEDIATE.MANIFEST
C:\USERS\XIAOBAOZI\DESKTOP\PUISSANCE 4！ - 最新\PUISSANCE 4！\DEBUG\VC100.PDB
C:\USERS\XIAOBAOZI\DESKTOP\PUISSANCE 4！\DEBUG\PUISSANCE 4！.EXE
C:\USERS\XIAOBAOZI\DESKTOP\PUISSANCE 4！\DEBUG\PUISSANCE 4！.ILK
C:\USERS\XIAOBAOZI\DESKTOP\PUISSANCE 4！\DEBUG\PUISSANCE 4！.PDB
C:\USERS\XIAOBAOZI\DESKTOP\PUISSANCE 4！\PUISSANCE 4！\DEBUG\CONSOLE.OBJ
C:\USERS\XIAOBAOZI\DESKTOP\PUISSANCE 4！\PUISSANCE 4！\DEBUG\JEU.OBJ
C:\USERS\XIAOBAOZI\DESKTOP\PUISSANCE 4！\PUISSANCE 4！\DEBUG\MAIN.OBJ
C:\USERS\XIAOBAOZI\DESKTOP\PUISSANCE 4！\PUISSANCE 4！\DEBUG\PUISSANCE 4！.EXE.EMBED.MANIFEST
C:\USERS\XIAOBAOZI\DESKTOP\PUISSANCE 4！\PUISSANCE 4！\DEBUG\PUISSANCE 4！.EXE.EMBED.MANIFEST.RES
C:\USERS\XIAOBAOZI\DESKTOP\PUISSANCE 4！\PUISSANCE 4！\DEBUG\PUISSANCE 4！.EXE.INTERMEDIATE.MANIFEST
C:\USERS\XIAOBAOZI\DESKTOP\PUISSANCE 4！\PUISSANCE 4！\DEBUG\VC100.PDB
C:\USERS\XIAOBAOZI\DESKTOP\新建文件夹\PUISSANCE 4！ - 副本\DEBUG\PUISSANCE 4！.EXE
C:\USERS\XIAOBAOZI\DESKTOP\新建文件夹\PUISSANCE 4！ - 副本\DEBUG\PUISSANCE 4！.ILK
C:\USERS\XIAOBAOZI\DESKTOP\新建文件夹\PUISSANCE 4！ - 副本\DEBUG\PUISSANCE 4！.PDB
C:\USERS\XIAOBAOZI\DESKTOP\新建文件夹\PUISSANCE 4！ - 副本\PUISSANCE 4！\DEBUG\CONSOLE.OBJ
C:\USERS\XIAOBAOZI\DESKTOP\新建文件夹\PUISSANCE 4！ - 副本\PUISSANCE 4！\DEBUG\JEU.OBJ
C:\USERS\XIAOBAOZI\DESKTOP\新建文件夹\PUISSANCE 4！ - 副本\PUISSANCE 4！\DEBUG\MAIN.OBJ
C:\USERS\XIAOBAOZI\DESKTOP\新建文件夹\PUISSANCE 4！ - 副本\PUISSANCE 4！\DEBUG\PUISSANCE 4！.EXE.EMBED.MANIFEST.RES
C:\USERS\XIAOBAOZI\DESKTOP\新建文件夹\PUISSANCE 4！ - 副本\PUISSANCE 4！\DEBUG\PUISSANCE 4！.EXE.INTERMEDIATE.MANIFEST
C:\USERS\XIAOBAOZI\DESKTOP\新建文件夹\PUISSANCE 4！ - 副本\PUISSANCE 4！\DEBUG\VC100.PDB
C:\USERS\XIAOBAOZI\DESKTOP\新建文件夹\PUISSANCE 4！ - 最新\DEBUG\PUISSANCE 4！.EXE
C:\USERS\XIAOBAOZI\DESKTOP\新建文件夹\PUISSANCE 4！ - 最新\DEBUG\PUISSANCE 4！.ILK
C:\USERS\XIAOBAOZI\DESKTOP\新建文件夹\PUISSANCE 4！ - 最新\DEBUG\PUISSANCE 4！.PDB
C:\USERS\XIAOBAOZI\DESKTOP\新建文件夹\PUISSANCE 4！ - 最新\PUISSANCE 4！\DEBUG\CONSOLE.OBJ
C:\USERS\XIAOBAOZI\DESKTOP\新建文件夹\PUISSANCE 4！ - 最新\PUISSANCE 4！\DEBUG\JEU.OBJ
C:\USERS\XIAOBAOZI\DESKTOP\新建文件夹\PUISSANCE 4！ - 最新\PUISSANCE 4！\DEBUG\MAIN.OBJ
C:\USERS\XIAOBAOZI\DESKTOP\新建文件夹\PUISSANCE 4！ - 最新\PUISSANCE 4！\DEBUG\PUISSANCE 4！.EXE.EMBED.MANIFEST.RES
C:\USERS\XIAOBAOZI\DESKTOP\新建文件夹\PUISSANCE 4！ - 最新\PUISSANCE 4！\DEBUG\PUISSANCE 4！.EXE.INTERMEDIATE.MANIFEST
C:\USERS\XIAOBAOZI\DESKTOP\新建文件夹\PUISSANCE 4！ - 最新\PUISSANCE 4！\DEBUG\VC100.PDB
C:\USERS\XIAOBAOZI\DESKTOP\新建文件夹\PUISSANCE 4！\DEBUG\PUISSANCE 4！.EXE
C:\USERS\XIAOBAOZI\DESKTOP\新建文件夹\PUISSANCE 4！\DEBUG\PUISSANCE 4！.ILK
C:\USERS\XIAOBAOZI\DESKTOP\新建文件夹\PUISSANCE 4！\DEBUG\PUISSANCE 4！.PDB
C:\USERS\XIAOBAOZI\DESKTOP\新建文件夹\PUISSANCE 4！\PUISSANCE 4！\DEBUG\CONSOLE.OBJ
C:\USERS\XIAOBAOZI\DESKTOP\新建文件夹\PUISSANCE 4！\PUISSANCE 4！\DEBUG\JEU.OBJ
C:\USERS\XIAOBAOZI\DESKTOP\新建文件夹\PUISSANCE 4！\PUISSANCE 4！\DEBUG\MAIN.OBJ
C:\USERS\XIAOBAOZI\DESKTOP\新建文件夹\PUISSANCE 4！\PUISSANCE 4！\DEBUG\PUISSANCE 4！.EXE.EMBED.MANIFEST.RES
C:\USERS\XIAOBAOZI\DESKTOP\新建文件夹\PUISSANCE 4！\PUISSANCE 4！\DEBUG\PUISSANCE 4！.EXE.INTERMEDIATE.MANIFEST
C:\USERS\XIAOBAOZI\DESKTOP\新建文件夹\PUISSANCE 4！\PUISSANCE 4！\DEBUG\VC100.PDB
C:\USERS\XIAOBAOZI\DESKTOP\学校\C++\PROJET-PUISSANCE 4！\DEBUG\PUISSANCE 4！.EXE
C:\USERS\XIAOBAOZI\DESKTOP\学校\C++\PROJET-PUISSANCE 4！\DEBUG\PUISSANCE 4！.ILK
C:\USERS\XIAOBAOZI\DESKTOP\学校\C++\PROJET-PUISSANCE 4！\DEBUG\PUISSANCE 4！.PDB
C:\Users\xiaobaozi\Desktop\学校\c++\projet-puissance 4！\puissance 4！\Debug\cl.command.1.tlog
C:\Users\xiaobaozi\Desktop\学校\c++\projet-puissance 4！\puissance 4！\Debug\CL.read.1.tlog
C:\Users\xiaobaozi\Desktop\学校\c++\projet-puissance 4！\puissance 4！\Debug\CL.write.1.tlog
C:\USERS\XIAOBAOZI\DESKTOP\学校\C++\PROJET-PUISSANCE 4！\PUISSANCE 4！\DEBUG\CONSOLE.OBJ
C:\USERS\XIAOBAOZI\DESKTOP\学校\C++\PROJET-PUISSANCE 4！\PUISSANCE 4！\DEBUG\JEU.OBJ
C:\Users\xiaobaozi\Desktop\学校\c++\projet-puissance 4！\puissance 4！\Debug\link.11100.read.1.tlog
C:\Users\xiaobaozi\Desktop\学校\c++\projet-puissance 4！\puissance 4！\Debug\link.11100.write.1.tlog
C:\Users\xiaobaozi\Desktop\学校\c++\projet-puissance 4！\puissance 4！\Debug\link.11100-cvtres.read.1.tlog
C:\Users\xiaobaozi\Desktop\学校\c++\projet-puissance 4！\puissance 4！\Debug\link.11100-cvtres.write.1.tlog
C:\Users\xiaobaozi\Desktop\学校\c++\projet-puissance 4！\puissance 4！\Debug\link.12704.read.1.tlog
C:\Users\xiaobaozi\Desktop\学校\c++\projet-puissance 4！\puissance 4！\Debug\link.12704.write.1.tlog
C:\Users\xiaobaozi\Desktop\学校\c++\projet-puissance 4！\puissance 4！\Debug\link.12704-cvtres.read.1.tlog
C:\Users\xiaobaozi\Desktop\学校\c++\projet-puissance 4！\puissance 4！\Debug\link.12704-cvtres.write.1.tlog
C:\Users\xiaobaozi\Desktop\学校\c++\projet-puissance 4！\puissance 4！\Debug\link.15092.read.1.tlog
C:\Users\xiaobaozi\Desktop\学校\c++\projet-puissance 4！\puissance 4！\Debug\link.15092.write.1.tlog
C:\Users\xiaobaozi\Desktop\学校\c++\projet-puissance 4！\puissance 4！\Debug\link.15092-cvtres.read.1.tlog
C:\Users\xiaobaozi\Desktop\学校\c++\projet-puissance 4！\puissance 4！\Debug\link.15092-cvtres.write.1.tlog
C:\Users\xiaobaozi\Desktop\学校\c++\projet-puissance 4！\puissance 4！\Debug\link.15860.read.1.tlog
C:\Users\xiaobaozi\Desktop\学校\c++\projet-puissance 4！\puissance 4！\Debug\link.15860.write.1.tlog
C:\Users\xiaobaozi\Desktop\学校\c++\projet-puissance 4！\puissance 4！\Debug\link.15860-cvtres.read.1.tlog
C:\Users\xiaobaozi\Desktop\学校\c++\projet-puissance 4！\puissance 4！\Debug\link.15860-cvtres.write.1.tlog
C:\Users\xiaobaozi\Desktop\学校\c++\projet-puissance 4！\puissance 4！\Debug\link.1644.read.1.tlog
C:\Users\xiaobaozi\Desktop\学校\c++\projet-puissance 4！\puissance 4！\Debug\link.1644.write.1.tlog
C:\Users\xiaobaozi\Desktop\学校\c++\projet-puissance 4！\puissance 4！\Debug\link.1644-cvtres.read.1.tlog
C:\Users\xiaobaozi\Desktop\学校\c++\projet-puissance 4！\puissance 4！\Debug\link.1644-cvtres.write.1.tlog
C:\Users\xiaobaozi\Desktop\学校\c++\projet-puissance 4！\puissance 4！\Debug\link.17572.read.1.tlog
C:\Users\xiaobaozi\Desktop\学校\c++\projet-puissance 4！\puissance 4！\Debug\link.17572.write.1.tlog
C:\Users\xiaobaozi\Desktop\学校\c++\projet-puissance 4！\puissance 4！\Debug\link.17572-cvtres.read.1.tlog
C:\Users\xiaobaozi\Desktop\学校\c++\projet-puissance 4！\puissance 4！\Debug\link.17572-cvtres.write.1.tlog
C:\Users\xiaobaozi\Desktop\学校\c++\projet-puissance 4！\puissance 4！\Debug\link.21152.read.1.tlog
C:\Users\xiaobaozi\Desktop\学校\c++\projet-puissance 4！\puissance 4！\Debug\link.21152.write.1.tlog
C:\Users\xiaobaozi\Desktop\学校\c++\projet-puissance 4！\puissance 4！\Debug\link.21152-cvtres.read.1.tlog
C:\Users\xiaobaozi\Desktop\学校\c++\projet-puissance 4！\puissance 4！\Debug\link.21152-cvtres.write.1.tlog
C:\Users\xiaobaozi\Desktop\学校\c++\projet-puissance 4！\puissance 4！\Debug\link.21508.read.1.tlog
C:\Users\xiaobaozi\Desktop\学校\c++\projet-puissance 4！\puissance 4！\Debug\link.21508.write.1.tlog
C:\Users\xiaobaozi\Desktop\学校\c++\projet-puissance 4！\puissance 4！\Debug\link.21508-cvtres.read.1.tlog
C:\Users\xiaobaozi\Desktop\学校\c++\projet-puissance 4！\puissance 4！\Debug\link.21508-cvtres.write.1.tlog
C:\Users\xiaobaozi\Desktop\学校\c++\projet-puissance 4！\puissance 4！\Debug\link.23520.read.1.tlog
C:\Users\xiaobaozi\Desktop\学校\c++\projet-puissance 4！\puissance 4！\Debug\link.23520.write.1.tlog
C:\Users\xiaobaozi\Desktop\学校\c++\projet-puissance 4！\puissance 4！\Debug\link.23520-cvtres.read.1.tlog
C:\Users\xiaobaozi\Desktop\学校\c++\projet-puissance 4！\puissance 4！\Debug\link.23520-cvtres.write.1.tlog
C:\Users\xiaobaozi\Desktop\学校\c++\projet-puissance 4！\puissance 4！\Debug\link.24052.read.1.tlog
C:\Users\xiaobaozi\Desktop\学校\c++\projet-puissance 4！\puissance 4！\Debug\link.24052.write.1.tlog
C:\Users\xiaobaozi\Desktop\学校\c++\projet-puissance 4！\puissance 4！\Debug\link.24052-cvtres.read.1.tlog
C:\Users\xiaobaozi\Desktop\学校\c++\projet-puissance 4！\puissance 4！\Debug\link.24052-cvtres.write.1.tlog
C:\Users\xiaobaozi\Desktop\学校\c++\projet-puissance 4！\puissance 4！\Debug\link.24512.read.1.tlog
C:\Users\xiaobaozi\Desktop\学校\c++\projet-puissance 4！\puissance 4！\Debug\link.24512.write.1.tlog
C:\Users\xiaobaozi\Desktop\学校\c++\projet-puissance 4！\puissance 4！\Debug\link.24512-cvtres.read.1.tlog
C:\Users\xiaobaozi\Desktop\学校\c++\projet-puissance 4！\puissance 4！\Debug\link.24512-cvtres.write.1.tlog
C:\Users\xiaobaozi\Desktop\学校\c++\projet-puissance 4！\puissance 4！\Debug\link.24828.read.1.tlog
C:\Users\xiaobaozi\Desktop\学校\c++\projet-puissance 4！\puissance 4！\Debug\link.24828.write.1.tlog
C:\Users\xiaobaozi\Desktop\学校\c++\projet-puissance 4！\puissance 4！\Debug\link.24828-cvtres.read.1.tlog
C:\Users\xiaobaozi\Desktop\学校\c++\projet-puissance 4！\puissance 4！\Debug\link.24828-cvtres.write.1.tlog
C:\Users\xiaobaozi\Desktop\学校\c++\projet-puissance 4！\puissance 4！\Debug\link.26548.read.1.tlog
C:\Users\xiaobaozi\Desktop\学校\c++\projet-puissance 4！\puissance 4！\Debug\link.26548.write.1.tlog
C:\Users\xiaobaozi\Desktop\学校\c++\projet-puissance 4！\puissance 4！\Debug\link.26548-cvtres.read.1.tlog
C:\Users\xiaobaozi\Desktop\学校\c++\projet-puissance 4！\puissance 4！\Debug\link.26548-cvtres.write.1.tlog
C:\Users\xiaobaozi\Desktop\学校\c++\projet-puissance 4！\puissance 4！\Debug\link.2712.read.1.tlog
C:\Users\xiaobaozi\Desktop\学校\c++\projet-puissance 4！\puissance 4！\Debug\link.2712.write.1.tlog
C:\Users\xiaobaozi\Desktop\学校\c++\projet-puissance 4！\puissance 4！\Debug\link.2712-cvtres.read.1.tlog
C:\Users\xiaobaozi\Desktop\学校\c++\projet-puissance 4！\puissance 4！\Debug\link.2712-cvtres.write.1.tlog
C:\Users\xiaobaozi\Desktop\学校\c++\projet-puissance 4！\puissance 4！\Debug\link.29516.read.1.tlog
C:\Users\xiaobaozi\Desktop\学校\c++\projet-puissance 4！\puissance 4！\Debug\link.29516.write.1.tlog
C:\Users\xiaobaozi\Desktop\学校\c++\projet-puissance 4！\puissance 4！\Debug\link.29516-cvtres.read.1.tlog
C:\Users\xiaobaozi\Desktop\学校\c++\projet-puissance 4！\puissance 4！\Debug\link.29516-cvtres.write.1.tlog
C:\Users\xiaobaozi\Desktop\学校\c++\projet-puissance 4！\puissance 4！\Debug\link.32908.read.1.tlog
C:\Users\xiaobaozi\Desktop\学校\c++\projet-puissance 4！\puissance 4！\Debug\link.32908.write.1.tlog
C:\Users\xiaobaozi\Desktop\学校\c++\projet-puissance 4！\puissance 4！\Debug\link.32908-cvtres.read.1.tlog
C:\Users\xiaobaozi\Desktop\学校\c++\projet-puissance 4！\puissance 4！\Debug\link.32908-cvtres.write.1.tlog
C:\Users\xiaobaozi\Desktop\学校\c++\projet-puissance 4！\puissance 4！\Debug\link.33552.read.1.tlog
C:\Users\xiaobaozi\Desktop\学校\c++\projet-puissance 4！\puissance 4！\Debug\link.33552.write.1.tlog
C:\Users\xiaobaozi\Desktop\学校\c++\projet-puissance 4！\puissance 4！\Debug\link.33552-cvtres.read.1.tlog
C:\Users\xiaobaozi\Desktop\学校\c++\projet-puissance 4！\puissance 4！\Debug\link.33552-cvtres.write.1.tlog
C:\Users\xiaobaozi\Desktop\学校\c++\projet-puissance 4！\puissance 4！\Debug\link.command.1.tlog
C:\Users\xiaobaozi\Desktop\学校\c++\projet-puissance 4！\puissance 4！\Debug\link.read.1.tlog
C:\Users\xiaobaozi\Desktop\学校\c++\projet-puissance 4！\puissance 4！\Debug\link.write.1.tlog
C:\Users\xiaobaozi\Desktop\学校\c++\projet-puissance 4！\puissance 4！\Debug\link-cvtres.read.1.tlog
C:\Users\xiaobaozi\Desktop\学校\c++\projet-puissance 4！\puissance 4！\Debug\link-cvtres.write.1.tlog
C:\USERS\XIAOBAOZI\DESKTOP\学校\C++\PROJET-PUISSANCE 4！\PUISSANCE 4！\DEBUG\MAIN.OBJ
C:\Users\xiaobaozi\Desktop\学校\c++\projet-puissance 4！\puissance 4！\Debug\mt.command.1.tlog
C:\Users\xiaobaozi\Desktop\学校\c++\projet-puissance 4！\puissance 4！\Debug\mt.read.1.tlog
C:\Users\xiaobaozi\Desktop\学校\c++\projet-puissance 4！\puissance 4！\Debug\mt.write.1.tlog
C:\Users\xiaobaozi\Desktop\学校\c++\projet-puissance 4！\puissance 4！\Debug\puissance 4！.exe.embed.manifest
C:\USERS\XIAOBAOZI\DESKTOP\学校\C++\PROJET-PUISSANCE 4！\PUISSANCE 4！\DEBUG\PUISSANCE 4！.EXE.EMBED.MANIFEST.RES
C:\USERS\XIAOBAOZI\DESKTOP\学校\C++\PROJET-PUISSANCE 4！\PUISSANCE 4！\DEBUG\PUISSANCE 4！.EXE.INTERMEDIATE.MANIFEST
C:\Users\xiaobaozi\Desktop\学校\c++\projet-puissance 4！\puissance 4！\Debug\puissance 4！.vcxprojResolveAssemblyReference.cache
C:\Users\xiaobaozi\Desktop\学校\c++\projet-puissance 4！\puissance 4！\Debug\puissance 4！.write.1.tlog
C:\Users\xiaobaozi\Desktop\学校\c++\projet-puissance 4！\puissance 4！\Debug\puissance 4！_manifest.rc
C:\Users\xiaobaozi\Desktop\学校\c++\projet-puissance 4！\puissance 4！\Debug\rc.command.1.tlog
C:\Users\xiaobaozi\Desktop\学校\c++\projet-puissance 4！\puissance 4！\Debug\rc.read.1.tlog
C:\Users\xiaobaozi\Desktop\学校\c++\projet-puissance 4！\puissance 4！\Debug\rc.write.1.tlog
C:\Users\xiaobaozi\Desktop\学校\c++\projet-puissance 4！\puissance 4！\Debug\vc100.idb
C:\USERS\XIAOBAOZI\DESKTOP\学校\C++\PROJET-PUISSANCE 4！\PUISSANCE 4！\DEBUG\VC100.PDB
C:\USERS\XIAOBAOZI\DOCUMENTS\TENCENT FILES\545775146\FILERECV\新建文件夹 (2)\PUISSANCE 4！ - 终极版  最终（完全翻译）\DEBUG\PUISSANCE 4！.EXE
C:\USERS\XIAOBAOZI\DOCUMENTS\TENCENT FILES\545775146\FILERECV\新建文件夹 (2)\PUISSANCE 4！ - 终极版  最终（完全翻译）\DEBUG\PUISSANCE 4！.ILK
C:\USERS\XIAOBAOZI\DOCUMENTS\TENCENT FILES\545775146\FILERECV\新建文件夹 (2)\PUISSANCE 4！ - 终极版  最终（完全翻译）\DEBUG\PUISSANCE 4！.PDB
C:\USERS\XIAOBAOZI\DOCUMENTS\TENCENT FILES\545775146\FILERECV\新建文件夹 (2)\PUISSANCE 4！ - 终极版  最终（完全翻译）\PUISSANCE 4！\DEBUG\CONSOLE.OBJ
C:\USERS\XIAOBAOZI\DOCUMENTS\TENCENT FILES\545775146\FILERECV\新建文件夹 (2)\PUISSANCE 4！ - 终极版  最终（完全翻译）\PUISSANCE 4！\DEBUG\JEU.OBJ
C:\USERS\XIAOBAOZI\DOCUMENTS\TENCENT FILES\545775146\FILERECV\新建文件夹 (2)\PUISSANCE 4！ - 终极版  最终（完全翻译）\PUISSANCE 4！\DEBUG\MAIN.OBJ
C:\USERS\XIAOBAOZI\DOCUMENTS\TENCENT FILES\545775146\FILERECV\新建文件夹 (2)\PUISSANCE 4！ - 终极版  最终（完全翻译）\PUISSANCE 4！\DEBUG\PUISSANCE 4！.EXE.EMBED.MANIFEST.RES
C:\USERS\XIAOBAOZI\DOCUMENTS\TENCENT FILES\545775146\FILERECV\新建文件夹 (2)\PUISSANCE 4！ - 终极版  最终（完全翻译）\PUISSANCE 4！\DEBUG\PUISSANCE 4！.EXE.INTERMEDIATE.MANIFEST
C:\USERS\XIAOBAOZI\DOCUMENTS\TENCENT FILES\545775146\FILERECV\新建文件夹 (2)\PUISSANCE 4！ - 终极版  最终（完全翻译）\PUISSANCE 4！\DEBUG\VC100.PDB
